// 重构日志: 29c8c9ba
// 重构日志: 27e9c385
// 同步 ID: 2b9dba60 @ Sat Jul 11 07:07:14 UTC 2026
// 重构日志: cf236a48
// 同步 ID: ecef1065 @ Sat Jul 11 11:40:40 UTC 2026
// 重构日志: 088bdefc
// 同步 ID: 953caae5 @ Sat Jul 11 17:43:50 UTC 2026
// 重构日志: 3611721d
// 重构日志: e3afdbf0
// 重构日志: e7abf11c
// 重构日志: 92431d3c
// 同步 ID: cc84b686 @ Sun Jul 12 18:58:15 UTC 2026
// 同步 ID: 3eb3ad2a @ Mon Jul 13 05:42:39 UTC 2026
// 同步 ID: 90d4fdf0 @ Mon Jul 13 20:10:40 UTC 2026
// 同步 ID: 5e9abbfd @ Tue Jul 14 01:46:10 UTC 2026
// 重构日志: c6556880
// 重构日志: 49d28dfd
// 重构日志: 5b28cc0c
// 重构日志: e10bb8c6
// 同步 ID: b68f1457 @ Wed Jul 15 07:14:00 UTC 2026
// 重构日志: e3edf889
// 同步 ID: 16e60157 @ Wed Jul 15 11:30:23 UTC 2026
// 重构日志: d3ce05d2
// 重构日志: a12207da
// 重构日志: 99f88099
// 同步 ID: 82269c80 @ Thu Jul 16 10:15:58 UTC 2026
// 同步 ID: 1fdec837 @ Thu Jul 16 13:35:12 UTC 2026
// 重构日志: 34753b76
// 重构日志: b321c3e8
// 同步 ID: d16405ee @ Fri Jul 17 01:33:38 UTC 2026
